<?xml version="1.0" encoding="UTF-8"?>
<!-- Generated by org.testng.reporters.JUnitReportReporter -->
<testsuite skipped="0" hostname="JE-PC" name="com.zjj.fe.First.NewTest" tests="2" failures="0" timestamp="17 十月 2017 09:09:44 GMT" time="72.301" errors="0">
  <testcase name="addContact1" time="0.000" classname="com.zjj.fe.First.NewTest"/>
  <testcase name="addContact" time="72.301" classname="com.zjj.fe.First.NewTest"/>
</testsuite> <!-- com.zjj.fe.First.NewTest -->
