<?xml version="1.0" encoding="UTF-8"?>
<!-- Generated by org.testng.reporters.JUnitReportReporter -->
<testsuite hostname="JE-PC" name="com.zjj.fe.First.NewTest" tests="1" failures="0" timestamp="13 Sep 2017 08:45:14 GMT" time="11.761" errors="0">
  <testcase name="addContact" time="11.761" classname="com.zjj.fe.First.NewTest"/>
</testsuite> <!-- com.zjj.fe.First.NewTest -->
