<?xml version="1.0" encoding="UTF-8"?>
<!-- Generated by org.testng.reporters.JUnitReportReporter -->
<testsuite hostname="JE-PC" name="com.zjj.fe.First.AppTest" tests="1" failures="0" timestamp="13 Sep 2017 08:45:15 GMT" time="0.001" errors="0">
  <testcase name="testApp" time="0.001" classname="com.zjj.fe.First.AppTest"/>
</testsuite> <!-- com.zjj.fe.First.AppTest -->
